2024-05-17 20:52:00,321 INFO o.a.j.u.JMeterUtils: Setting Locale to en_EN
2024-05-17 20:52:00,336 INFO o.a.j.JMeter: Loading user properties from: C:\hostedtoolcache\windows\jmeter-b78fe7bc0106f2518c30e8a491073b2c33bc8b3afeca19834f6642e7\5.5.0\x64\apache-jmeter-5.5\bin\user.properties
2024-05-17 20:52:00,336 INFO o.a.j.JMeter: Loading system properties from: C:\hostedtoolcache\windows\jmeter-b78fe7bc0106f2518c30e8a491073b2c33bc8b3afeca19834f6642e7\5.5.0\x64\apache-jmeter-5.5\bin\system.properties
2024-05-17 20:52:00,367 INFO o.a.j.JMeter: Copyright (c) 1998-2022 The Apache Software Foundation
2024-05-17 20:52:00,367 INFO o.a.j.JMeter: Version 5.5
2024-05-17 20:52:00,367 INFO o.a.j.JMeter: java.version=1.8.0_412
2024-05-17 20:52:00,367 INFO o.a.j.JMeter: java.vm.name=OpenJDK 64-Bit Server VM
2024-05-17 20:52:00,367 INFO o.a.j.JMeter: os.name=Windows Server 2019
2024-05-17 20:52:00,367 INFO o.a.j.JMeter: os.arch=amd64
2024-05-17 20:52:00,367 INFO o.a.j.JMeter: os.version=10.0
2024-05-17 20:52:00,367 INFO o.a.j.JMeter: file.encoding=Cp1252
2024-05-17 20:52:00,367 INFO o.a.j.JMeter: java.awt.headless=true
2024-05-17 20:52:00,367 INFO o.a.j.JMeter: Max memory     =1073741824
2024-05-17 20:52:00,367 INFO o.a.j.JMeter: Available Processors =2
2024-05-17 20:52:00,367 INFO o.a.j.JMeter: Default Locale=English (EN)
2024-05-17 20:52:00,367 INFO o.a.j.JMeter: JMeter  Locale=English (EN)
2024-05-17 20:52:00,367 INFO o.a.j.JMeter: JMeterHome=C:\hostedtoolcache\windows\jmeter-b78fe7bc0106f2518c30e8a491073b2c33bc8b3afeca19834f6642e7\5.5.0\x64\apache-jmeter-5.5
2024-05-17 20:52:00,367 INFO o.a.j.JMeter: user.dir  =D:\a\r1\a\_JohnyOrtiz_RetoJmeter
2024-05-17 20:52:00,367 INFO o.a.j.JMeter: PWD       =D:\a\r1\a\_JohnyOrtiz_RetoJmeter
2024-05-17 20:52:00,367 INFO o.a.j.JMeter: IP: 10.1.0.53 Name: fv-az667-156 FullName: fv-az667-156.31mc0wx1jneutow551v3mxuf3f.ex.internal.cloudapp.net
2024-05-17 20:52:00,399 INFO o.a.j.JMeter: Setting property 'jmeter.reportgenerator.outputdir' to:'D:\a\r1\a\_JohnyOrtiz_RetoJmeter\ResultsTest'
2024-05-17 20:52:00,399 INFO o.a.j.s.FileServer: Default base='D:\a\r1\a\_JohnyOrtiz_RetoJmeter'
2024-05-17 20:52:00,430 INFO o.a.j.s.FileServer: Set new base='D:\a\r1\a\_JohnyOrtiz_RetoJmeter'
2024-05-17 20:52:01,134 INFO o.a.j.s.SaveService: Testplan (JMX) version: 2.2. Testlog (JTL) version: 2.2
2024-05-17 20:52:01,149 INFO o.a.j.s.SaveService: Using SaveService properties file encoding UTF-8
2024-05-17 20:52:01,165 INFO o.a.j.s.SaveService: Using SaveService properties version 5.0
2024-05-17 20:52:01,165 INFO o.a.j.s.SaveService: Loading file: TestPlan.jmx
2024-05-17 20:52:01,227 INFO o.a.j.p.h.c.CookieManager: Settings: Delete null: true Check: true Allow variable: true Save: false Prefix: COOKIE_
2024-05-17 20:52:01,306 INFO o.a.j.p.h.s.HTTPSamplerBase: Parser for text/html is org.apache.jmeter.protocol.http.parser.LagartoBasedHtmlParser
2024-05-17 20:52:01,306 INFO o.a.j.p.h.s.HTTPSamplerBase: Parser for application/xhtml+xml is org.apache.jmeter.protocol.http.parser.LagartoBasedHtmlParser
2024-05-17 20:52:01,306 INFO o.a.j.p.h.s.HTTPSamplerBase: Parser for application/xml is org.apache.jmeter.protocol.http.parser.LagartoBasedHtmlParser
2024-05-17 20:52:01,306 INFO o.a.j.p.h.s.HTTPSamplerBase: Parser for text/xml is org.apache.jmeter.protocol.http.parser.LagartoBasedHtmlParser
2024-05-17 20:52:01,306 INFO o.a.j.p.h.s.HTTPSamplerBase: Parser for text/vnd.wap.wml is org.apache.jmeter.protocol.http.parser.RegexpHTMLParser
2024-05-17 20:52:01,306 INFO o.a.j.p.h.s.HTTPSamplerBase: Parser for text/css is org.apache.jmeter.protocol.http.parser.CssParser
2024-05-17 20:52:02,646 INFO o.a.j.e.KeyToolUtils: keytool found at 'keytool'
2024-05-17 20:52:02,646 INFO o.a.j.p.h.p.ProxyControl: HTTP(S) Test Script Recorder SSL Proxy will use keys that support embedded 3rd party resources in file C:\hostedtoolcache\windows\jmeter-b78fe7bc0106f2518c30e8a491073b2c33bc8b3afeca19834f6642e7\5.5.0\x64\apache-jmeter-5.5\bin\proxyserver.jks
2024-05-17 20:52:02,755 INFO o.a.j.JMeter: Creating summariser <summary>
2024-05-17 20:52:02,755 INFO o.a.j.r.d.ReportGenerator: ReportGenerator will use for Parsing the separator: ','
2024-05-17 20:52:02,755 INFO o.a.j.r.d.ReportGenerator: Will generate report at end of test from  results file: general_results.jtl
2024-05-17 20:52:02,755 INFO o.a.j.r.d.ReportGenerator: Reading report generator properties from: C:\hostedtoolcache\windows\jmeter-b78fe7bc0106f2518c30e8a491073b2c33bc8b3afeca19834f6642e7\5.5.0\x64\apache-jmeter-5.5\bin\reportgenerator.properties
2024-05-17 20:52:02,755 INFO o.a.j.r.d.ReportGenerator: Merging with JMeter properties
2024-05-17 20:52:02,771 INFO o.a.j.r.c.ReportGeneratorConfiguration: Property 'jmeter.reportgenerator.temp_dir' not found, using default value 'temp' instead.
2024-05-17 20:52:02,771 INFO o.a.j.r.c.ReportGeneratorConfiguration: Property 'jmeter.reportgenerator.apdex_per_transaction' not found, using default value 'null' instead.
2024-05-17 20:52:02,771 INFO o.a.j.r.c.ReportGeneratorConfiguration: apdex_per_transaction is empty, not APDEX per transaction customization
2024-05-17 20:52:02,771 INFO o.a.j.r.c.ReportGeneratorConfiguration: Property 'jmeter.reportgenerator.sample_filter' not found, using default value 'null' instead.
2024-05-17 20:52:02,771 INFO o.a.j.r.c.ReportGeneratorConfiguration: Property 'jmeter.reportgenerator.report_title' not found, using default value 'null' instead.
2024-05-17 20:52:02,771 INFO o.a.j.r.c.ReportGeneratorConfiguration: Property 'jmeter.reportgenerator.start_date' not found, using default value 'null' instead.
2024-05-17 20:52:02,771 INFO o.a.j.r.c.ReportGeneratorConfiguration: Property 'jmeter.reportgenerator.end_date' not found, using default value 'null' instead.
2024-05-17 20:52:02,771 INFO o.a.j.r.c.ReportGeneratorConfiguration: Property 'jmeter.reportgenerator.date_format' not found, using default value 'null' instead.
2024-05-17 20:52:02,771 INFO o.a.j.r.c.ReportGeneratorConfiguration: Will use date range start date: null, end date: null
2024-05-17 20:52:02,786 INFO o.a.j.r.c.ReportGeneratorConfiguration: Property 'jmeter.reportgenerator.graph.totalTPS.exclude_controllers' not found, using default value 'false' instead.
2024-05-17 20:52:02,786 INFO o.a.j.r.c.ReportGeneratorConfiguration: Property 'jmeter.reportgenerator.graph.activeThreadsOverTime.exclude_controllers' not found, using default value 'false' instead.
2024-05-17 20:52:02,786 INFO o.a.j.r.c.ReportGeneratorConfiguration: Property 'jmeter.reportgenerator.graph.timeVsThreads.exclude_controllers' not found, using default value 'false' instead.
2024-05-17 20:52:02,786 INFO o.a.j.r.c.ReportGeneratorConfiguration: Property 'jmeter.reportgenerator.graph.responseTimeDistribution.exclude_controllers' not found, using default value 'false' instead.
2024-05-17 20:52:02,786 INFO o.a.j.r.c.ReportGeneratorConfiguration: Property 'jmeter.reportgenerator.graph.transactionsPerSecond.exclude_controllers' not found, using default value 'false' instead.
2024-05-17 20:52:02,786 INFO o.a.j.r.c.ReportGeneratorConfiguration: Property 'jmeter.reportgenerator.graph.responseTimePercentiles.exclude_controllers' not found, using default value 'false' instead.
2024-05-17 20:52:02,786 INFO o.a.j.r.c.ReportGeneratorConfiguration: Property 'jmeter.reportgenerator.graph.responseTimePercentilesOverTime.exclude_controllers' not found, using default value 'false' instead.
2024-05-17 20:52:02,786 INFO o.a.j.r.c.ReportGeneratorConfiguration: Property 'jmeter.reportgenerator.graph.responseTimesOverTime.exclude_controllers' not found, using default value 'false' instead.
2024-05-17 20:52:02,786 INFO o.a.j.r.c.ReportGeneratorConfiguration: Property 'jmeter.reportgenerator.graph.connectTimeOverTime.exclude_controllers' not found, using default value 'false' instead.
2024-05-17 20:52:02,786 INFO o.a.j.r.c.ReportGeneratorConfiguration: Property 'jmeter.reportgenerator.graph.latenciesOverTime.exclude_controllers' not found, using default value 'false' instead.
2024-05-17 20:52:02,786 INFO o.a.j.r.c.ReportGeneratorConfiguration: Property 'jmeter.reportgenerator.exporter.json.filters_only_sample_series' not found, using default value 'true' instead.
2024-05-17 20:52:02,786 INFO o.a.j.r.c.ReportGeneratorConfiguration: Property 'jmeter.reportgenerator.exporter.json.series_filter' not found, using default value '' instead.
2024-05-17 20:52:02,786 INFO o.a.j.r.c.ReportGeneratorConfiguration: Property 'jmeter.reportgenerator.exporter.json.show_controllers_only' not found, using default value 'false' instead.
2024-05-17 20:52:02,786 INFO o.a.j.r.c.ReportGeneratorConfiguration: Property 'jmeter.reportgenerator.exporter.html.filters_only_sample_series' not found, using default value 'true' instead.
2024-05-17 20:52:02,786 INFO o.a.j.r.c.ReportGeneratorConfiguration: Property 'jmeter.reportgenerator.exporter.html.series_filter' not found, using default value '' instead.
2024-05-17 20:52:02,786 INFO o.a.j.r.c.ReportGeneratorConfiguration: Property 'jmeter.reportgenerator.exporter.html.show_controllers_only' not found, using default value 'false' instead.
2024-05-17 20:52:02,819 INFO o.a.j.e.StandardJMeterEngine: Running the test!
2024-05-17 20:52:02,819 INFO o.a.j.s.SampleEvent: List of sample_variables: []
2024-05-17 20:52:02,819 INFO o.a.j.s.SampleEvent: List of sample_variables: []
2024-05-17 20:52:02,834 INFO o.a.j.e.u.CompoundVariable: Note: Function class names must contain the string: '.functions.'
2024-05-17 20:52:02,834 INFO o.a.j.e.u.CompoundVariable: Note: Function class names must not contain the string: '.gui.'
2024-05-17 20:52:06,854 INFO o.a.j.r.ResultCollector: Folder at C:\Users\Usuario\Documents\RetoJmeter\Results was created
2024-05-17 20:52:06,870 INFO o.a.j.JMeter: Running test (1715979126870)
2024-05-17 20:52:06,948 INFO o.a.j.e.StandardJMeterEngine: Starting ThreadGroup: 1 : Smoke test
2024-05-17 20:52:06,948 INFO o.a.j.e.StandardJMeterEngine: Starting 10 threads for group Smoke test.
2024-05-17 20:52:06,948 INFO o.a.j.e.StandardJMeterEngine: Thread will continue on error
2024-05-17 20:52:06,948 INFO o.a.j.t.ThreadGroup: Starting thread group... number=1 threads=10 ramp-up=10 delayedStart=false
2024-05-17 20:52:06,963 INFO o.a.j.t.ThreadGroup: Started thread group number 1
2024-05-17 20:52:06,963 INFO o.a.j.e.StandardJMeterEngine: All thread groups have been started
2024-05-17 20:52:07,542 INFO o.a.j.t.JMeterThread: Thread started: Smoke test 1-1
2024-05-17 20:52:07,542 INFO o.a.j.s.FileServer: Stored: C:/Users/Usuario/Documents/RetoJmeter/Data/datatest.txt
2024-05-17 20:52:07,542 ERROR o.a.j.t.JMeterThread: Test failed!
java.lang.IllegalArgumentException: File datatest.txt must exist and be readable
	at org.apache.jmeter.services.FileServer.createBufferedReader(FileServer.java:424) ~[ApacheJMeter_core.jar:5.5]
	at org.apache.jmeter.services.FileServer.readLine(FileServer.java:340) ~[ApacheJMeter_core.jar:5.5]
	at org.apache.jmeter.config.CSVDataSet.iterationStart(CSVDataSet.java:182) ~[ApacheJMeter_components.jar:5.5]
	at org.apache.jmeter.control.GenericController.fireIterationStart(GenericController.java:399) ~[ApacheJMeter_core.jar:5.5]
	at org.apache.jmeter.control.GenericController.fireIterEvents(GenericController.java:391) ~[ApacheJMeter_core.jar:5.5]
	at org.apache.jmeter.control.GenericController.next(GenericController.java:160) ~[ApacheJMeter_core.jar:5.5]
	at org.apache.jmeter.control.LoopController.next(LoopController.java:134) ~[ApacheJMeter_core.jar:5.5]
	at org.apache.jmeter.threads.AbstractThreadGroup.next(AbstractThreadGroup.java:99) ~[ApacheJMeter_core.jar:5.5]
	at org.apache.jmeter.threads.JMeterThread.run(JMeterThread.java:266) ~[ApacheJMeter_core.jar:5.5]
	at java.lang.Thread.run(Thread.java:750) ~[?:1.8.0_412]
2024-05-17 20:52:07,542 INFO o.a.j.t.JMeterThread: Thread finished: Smoke test 1-1
2024-05-17 20:52:08,537 INFO o.a.j.t.JMeterThread: Thread started: Smoke test 1-2
2024-05-17 20:52:08,537 ERROR o.a.j.t.JMeterThread: Test failed!
java.lang.IllegalArgumentException: File datatest.txt must exist and be readable
	at org.apache.jmeter.services.FileServer.createBufferedReader(FileServer.java:424) ~[ApacheJMeter_core.jar:5.5]
	at org.apache.jmeter.services.FileServer.readLine(FileServer.java:340) ~[ApacheJMeter_core.jar:5.5]
	at org.apache.jmeter.config.CSVDataSet.iterationStart(CSVDataSet.java:182) ~[ApacheJMeter_components.jar:5.5]
	at org.apache.jmeter.control.GenericController.fireIterationStart(GenericController.java:399) ~[ApacheJMeter_core.jar:5.5]
	at org.apache.jmeter.control.GenericController.fireIterEvents(GenericController.java:391) ~[ApacheJMeter_core.jar:5.5]
	at org.apache.jmeter.control.GenericController.next(GenericController.java:160) ~[ApacheJMeter_core.jar:5.5]
	at org.apache.jmeter.control.LoopController.next(LoopController.java:134) ~[ApacheJMeter_core.jar:5.5]
	at org.apache.jmeter.threads.AbstractThreadGroup.next(AbstractThreadGroup.java:99) ~[ApacheJMeter_core.jar:5.5]
	at org.apache.jmeter.threads.JMeterThread.run(JMeterThread.java:266) ~[ApacheJMeter_core.jar:5.5]
	at java.lang.Thread.run(Thread.java:750) ~[?:1.8.0_412]
2024-05-17 20:52:08,537 INFO o.a.j.t.JMeterThread: Thread finished: Smoke test 1-2
2024-05-17 20:52:09,542 INFO o.a.j.t.JMeterThread: Thread started: Smoke test 1-3
2024-05-17 20:52:09,542 ERROR o.a.j.t.JMeterThread: Test failed!
java.lang.IllegalArgumentException: File datatest.txt must exist and be readable
	at org.apache.jmeter.services.FileServer.createBufferedReader(FileServer.java:424) ~[ApacheJMeter_core.jar:5.5]
	at org.apache.jmeter.services.FileServer.readLine(FileServer.java:340) ~[ApacheJMeter_core.jar:5.5]
	at org.apache.jmeter.config.CSVDataSet.iterationStart(CSVDataSet.java:182) ~[ApacheJMeter_components.jar:5.5]
	at org.apache.jmeter.control.GenericController.fireIterationStart(GenericController.java:399) ~[ApacheJMeter_core.jar:5.5]
	at org.apache.jmeter.control.GenericController.fireIterEvents(GenericController.java:391) ~[ApacheJMeter_core.jar:5.5]
	at org.apache.jmeter.control.GenericController.next(GenericController.java:160) ~[ApacheJMeter_core.jar:5.5]
	at org.apache.jmeter.control.LoopController.next(LoopController.java:134) ~[ApacheJMeter_core.jar:5.5]
	at org.apache.jmeter.threads.AbstractThreadGroup.next(AbstractThreadGroup.java:99) ~[ApacheJMeter_core.jar:5.5]
	at org.apache.jmeter.threads.JMeterThread.run(JMeterThread.java:266) ~[ApacheJMeter_core.jar:5.5]
	at java.lang.Thread.run(Thread.java:750) ~[?:1.8.0_412]
2024-05-17 20:52:09,542 INFO o.a.j.t.JMeterThread: Thread finished: Smoke test 1-3
2024-05-17 20:52:10,540 INFO o.a.j.t.JMeterThread: Thread started: Smoke test 1-4
2024-05-17 20:52:10,541 ERROR o.a.j.t.JMeterThread: Test failed!
java.lang.IllegalArgumentException: File datatest.txt must exist and be readable
	at org.apache.jmeter.services.FileServer.createBufferedReader(FileServer.java:424) ~[ApacheJMeter_core.jar:5.5]
	at org.apache.jmeter.services.FileServer.readLine(FileServer.java:340) ~[ApacheJMeter_core.jar:5.5]
	at org.apache.jmeter.config.CSVDataSet.iterationStart(CSVDataSet.java:182) ~[ApacheJMeter_components.jar:5.5]
	at org.apache.jmeter.control.GenericController.fireIterationStart(GenericController.java:399) ~[ApacheJMeter_core.jar:5.5]
	at org.apache.jmeter.control.GenericController.fireIterEvents(GenericController.java:391) ~[ApacheJMeter_core.jar:5.5]
	at org.apache.jmeter.control.GenericController.next(GenericController.java:160) ~[ApacheJMeter_core.jar:5.5]
	at org.apache.jmeter.control.LoopController.next(LoopController.java:134) ~[ApacheJMeter_core.jar:5.5]
	at org.apache.jmeter.threads.AbstractThreadGroup.next(AbstractThreadGroup.java:99) ~[ApacheJMeter_core.jar:5.5]
	at org.apache.jmeter.threads.JMeterThread.run(JMeterThread.java:266) ~[ApacheJMeter_core.jar:5.5]
	at java.lang.Thread.run(Thread.java:750) ~[?:1.8.0_412]
2024-05-17 20:52:10,541 INFO o.a.j.t.JMeterThread: Thread finished: Smoke test 1-4
2024-05-17 20:52:11,513 INFO o.a.j.t.JMeterThread: Thread started: Smoke test 1-5
2024-05-17 20:52:11,513 ERROR o.a.j.t.JMeterThread: Test failed!
java.lang.IllegalArgumentException: File datatest.txt must exist and be readable
	at org.apache.jmeter.services.FileServer.createBufferedReader(FileServer.java:424) ~[ApacheJMeter_core.jar:5.5]
	at org.apache.jmeter.services.FileServer.readLine(FileServer.java:340) ~[ApacheJMeter_core.jar:5.5]
	at org.apache.jmeter.config.CSVDataSet.iterationStart(CSVDataSet.java:182) ~[ApacheJMeter_components.jar:5.5]
	at org.apache.jmeter.control.GenericController.fireIterationStart(GenericController.java:399) ~[ApacheJMeter_core.jar:5.5]
	at org.apache.jmeter.control.GenericController.fireIterEvents(GenericController.java:391) ~[ApacheJMeter_core.jar:5.5]
	at org.apache.jmeter.control.GenericController.next(GenericController.java:160) ~[ApacheJMeter_core.jar:5.5]
	at org.apache.jmeter.control.LoopController.next(LoopController.java:134) ~[ApacheJMeter_core.jar:5.5]
	at org.apache.jmeter.threads.AbstractThreadGroup.next(AbstractThreadGroup.java:99) ~[ApacheJMeter_core.jar:5.5]
	at org.apache.jmeter.threads.JMeterThread.run(JMeterThread.java:266) ~[ApacheJMeter_core.jar:5.5]
	at java.lang.Thread.run(Thread.java:750) ~[?:1.8.0_412]
2024-05-17 20:52:11,513 INFO o.a.j.t.JMeterThread: Thread finished: Smoke test 1-5
2024-05-17 20:52:12,513 INFO o.a.j.t.JMeterThread: Thread started: Smoke test 1-6
2024-05-17 20:52:12,513 ERROR o.a.j.t.JMeterThread: Test failed!
java.lang.IllegalArgumentException: File datatest.txt must exist and be readable
	at org.apache.jmeter.services.FileServer.createBufferedReader(FileServer.java:424) ~[ApacheJMeter_core.jar:5.5]
	at org.apache.jmeter.services.FileServer.readLine(FileServer.java:340) ~[ApacheJMeter_core.jar:5.5]
	at org.apache.jmeter.config.CSVDataSet.iterationStart(CSVDataSet.java:182) ~[ApacheJMeter_components.jar:5.5]
	at org.apache.jmeter.control.GenericController.fireIterationStart(GenericController.java:399) ~[ApacheJMeter_core.jar:5.5]
	at org.apache.jmeter.control.GenericController.fireIterEvents(GenericController.java:391) ~[ApacheJMeter_core.jar:5.5]
	at org.apache.jmeter.control.GenericController.next(GenericController.java:160) ~[ApacheJMeter_core.jar:5.5]
	at org.apache.jmeter.control.LoopController.next(LoopController.java:134) ~[ApacheJMeter_core.jar:5.5]
	at org.apache.jmeter.threads.AbstractThreadGroup.next(AbstractThreadGroup.java:99) ~[ApacheJMeter_core.jar:5.5]
	at org.apache.jmeter.threads.JMeterThread.run(JMeterThread.java:266) ~[ApacheJMeter_core.jar:5.5]
	at java.lang.Thread.run(Thread.java:750) ~[?:1.8.0_412]
2024-05-17 20:52:12,513 INFO o.a.j.t.JMeterThread: Thread finished: Smoke test 1-6
2024-05-17 20:52:13,513 INFO o.a.j.t.JMeterThread: Thread started: Smoke test 1-7
2024-05-17 20:52:13,513 ERROR o.a.j.t.JMeterThread: Test failed!
java.lang.IllegalArgumentException: File datatest.txt must exist and be readable
	at org.apache.jmeter.services.FileServer.createBufferedReader(FileServer.java:424) ~[ApacheJMeter_core.jar:5.5]
	at org.apache.jmeter.services.FileServer.readLine(FileServer.java:340) ~[ApacheJMeter_core.jar:5.5]
	at org.apache.jmeter.config.CSVDataSet.iterationStart(CSVDataSet.java:182) ~[ApacheJMeter_components.jar:5.5]
	at org.apache.jmeter.control.GenericController.fireIterationStart(GenericController.java:399) ~[ApacheJMeter_core.jar:5.5]
	at org.apache.jmeter.control.GenericController.fireIterEvents(GenericController.java:391) ~[ApacheJMeter_core.jar:5.5]
	at org.apache.jmeter.control.GenericController.next(GenericController.java:160) ~[ApacheJMeter_core.jar:5.5]
	at org.apache.jmeter.control.LoopController.next(LoopController.java:134) ~[ApacheJMeter_core.jar:5.5]
	at org.apache.jmeter.threads.AbstractThreadGroup.next(AbstractThreadGroup.java:99) ~[ApacheJMeter_core.jar:5.5]
	at org.apache.jmeter.threads.JMeterThread.run(JMeterThread.java:266) ~[ApacheJMeter_core.jar:5.5]
	at java.lang.Thread.run(Thread.java:750) ~[?:1.8.0_412]
2024-05-17 20:52:13,513 INFO o.a.j.t.JMeterThread: Thread finished: Smoke test 1-7
2024-05-17 20:52:14,528 INFO o.a.j.t.JMeterThread: Thread started: Smoke test 1-8
2024-05-17 20:52:14,528 ERROR o.a.j.t.JMeterThread: Test failed!
java.lang.IllegalArgumentException: File datatest.txt must exist and be readable
	at org.apache.jmeter.services.FileServer.createBufferedReader(FileServer.java:424) ~[ApacheJMeter_core.jar:5.5]
	at org.apache.jmeter.services.FileServer.readLine(FileServer.java:340) ~[ApacheJMeter_core.jar:5.5]
	at org.apache.jmeter.config.CSVDataSet.iterationStart(CSVDataSet.java:182) ~[ApacheJMeter_components.jar:5.5]
	at org.apache.jmeter.control.GenericController.fireIterationStart(GenericController.java:399) ~[ApacheJMeter_core.jar:5.5]
	at org.apache.jmeter.control.GenericController.fireIterEvents(GenericController.java:391) ~[ApacheJMeter_core.jar:5.5]
	at org.apache.jmeter.control.GenericController.next(GenericController.java:160) ~[ApacheJMeter_core.jar:5.5]
	at org.apache.jmeter.control.LoopController.next(LoopController.java:134) ~[ApacheJMeter_core.jar:5.5]
	at org.apache.jmeter.threads.AbstractThreadGroup.next(AbstractThreadGroup.java:99) ~[ApacheJMeter_core.jar:5.5]
	at org.apache.jmeter.threads.JMeterThread.run(JMeterThread.java:266) ~[ApacheJMeter_core.jar:5.5]
	at java.lang.Thread.run(Thread.java:750) ~[?:1.8.0_412]
2024-05-17 20:52:14,528 INFO o.a.j.t.JMeterThread: Thread finished: Smoke test 1-8
2024-05-17 20:52:15,528 INFO o.a.j.t.JMeterThread: Thread started: Smoke test 1-9
2024-05-17 20:52:15,528 ERROR o.a.j.t.JMeterThread: Test failed!
java.lang.IllegalArgumentException: File datatest.txt must exist and be readable
	at org.apache.jmeter.services.FileServer.createBufferedReader(FileServer.java:424) ~[ApacheJMeter_core.jar:5.5]
	at org.apache.jmeter.services.FileServer.readLine(FileServer.java:340) ~[ApacheJMeter_core.jar:5.5]
	at org.apache.jmeter.config.CSVDataSet.iterationStart(CSVDataSet.java:182) ~[ApacheJMeter_components.jar:5.5]
	at org.apache.jmeter.control.GenericController.fireIterationStart(GenericController.java:399) ~[ApacheJMeter_core.jar:5.5]
	at org.apache.jmeter.control.GenericController.fireIterEvents(GenericController.java:391) ~[ApacheJMeter_core.jar:5.5]
	at org.apache.jmeter.control.GenericController.next(GenericController.java:160) ~[ApacheJMeter_core.jar:5.5]
	at org.apache.jmeter.control.LoopController.next(LoopController.java:134) ~[ApacheJMeter_core.jar:5.5]
	at org.apache.jmeter.threads.AbstractThreadGroup.next(AbstractThreadGroup.java:99) ~[ApacheJMeter_core.jar:5.5]
	at org.apache.jmeter.threads.JMeterThread.run(JMeterThread.java:266) ~[ApacheJMeter_core.jar:5.5]
	at java.lang.Thread.run(Thread.java:750) ~[?:1.8.0_412]
2024-05-17 20:52:15,528 INFO o.a.j.t.JMeterThread: Thread finished: Smoke test 1-9
2024-05-17 20:52:16,528 INFO o.a.j.t.JMeterThread: Thread started: Smoke test 1-10
2024-05-17 20:52:16,528 ERROR o.a.j.t.JMeterThread: Test failed!
java.lang.IllegalArgumentException: File datatest.txt must exist and be readable
	at org.apache.jmeter.services.FileServer.createBufferedReader(FileServer.java:424) ~[ApacheJMeter_core.jar:5.5]
	at org.apache.jmeter.services.FileServer.readLine(FileServer.java:340) ~[ApacheJMeter_core.jar:5.5]
	at org.apache.jmeter.config.CSVDataSet.iterationStart(CSVDataSet.java:182) ~[ApacheJMeter_components.jar:5.5]
	at org.apache.jmeter.control.GenericController.fireIterationStart(GenericController.java:399) ~[ApacheJMeter_core.jar:5.5]
	at org.apache.jmeter.control.GenericController.fireIterEvents(GenericController.java:391) ~[ApacheJMeter_core.jar:5.5]
	at org.apache.jmeter.control.GenericController.next(GenericController.java:160) ~[ApacheJMeter_core.jar:5.5]
	at org.apache.jmeter.control.LoopController.next(LoopController.java:134) ~[ApacheJMeter_core.jar:5.5]
	at org.apache.jmeter.threads.AbstractThreadGroup.next(AbstractThreadGroup.java:99) ~[ApacheJMeter_core.jar:5.5]
	at org.apache.jmeter.threads.JMeterThread.run(JMeterThread.java:266) ~[ApacheJMeter_core.jar:5.5]
	at java.lang.Thread.run(Thread.java:750) ~[?:1.8.0_412]
2024-05-17 20:52:16,528 INFO o.a.j.t.JMeterThread: Thread finished: Smoke test 1-10
2024-05-17 20:52:16,528 INFO o.a.j.e.StandardJMeterEngine: Notifying test listeners of end of test
2024-05-17 20:52:16,528 INFO o.a.j.r.Summariser: summary =      0 in 00:00:00 = ******/s Avg:     0 Min: 9223372036854775807 Max: -9223372036854775808 Err:     0 (0.00%)
2024-05-17 20:52:16,528 INFO o.a.j.JMeter: Generating Dashboard
2024-05-17 20:52:16,528 INFO o.a.j.r.d.ReportGenerator: Flushing result collector before report Generation
2024-05-17 20:52:16,543 INFO o.a.j.r.p.NormalizerSampleConsumer: Using format, 'ms', to parse timeStamp field
2024-05-17 20:52:16,668 INFO o.a.j.r.p.AbstractSampleConsumer: class org.apache.jmeter.report.processor.AggregateConsumer#stopProducing(): beginDate produced 0 samples
2024-05-17 20:52:16,668 INFO o.a.j.r.p.AbstractSampleConsumer: class org.apache.jmeter.report.processor.AggregateConsumer#stopProducing(): endDate produced 0 samples
2024-05-17 20:52:16,668 INFO o.a.j.r.p.AbstractSampleConsumer: class org.apache.jmeter.report.processor.ApdexSummaryConsumer#stopProducing(): apdexSummary produced 0 samples
2024-05-17 20:52:16,668 INFO o.a.j.r.p.AbstractSampleConsumer: class org.apache.jmeter.report.processor.RequestsSummaryConsumer#stopProducing(): requestsSummary produced 0 samples
2024-05-17 20:52:16,668 INFO o.a.j.r.p.AbstractSampleConsumer: class org.apache.jmeter.report.processor.StatisticsSummaryConsumer#stopProducing(): statisticsSummary produced 0 samples
2024-05-17 20:52:16,668 INFO o.a.j.r.p.AbstractSampleConsumer: class org.apache.jmeter.report.processor.Top5ErrorsBySamplerConsumer#stopProducing(): top5ErrorsBySampler produced 0 samples
2024-05-17 20:52:16,668 INFO o.a.j.r.p.AbstractSampleConsumer: class org.apache.jmeter.report.processor.ErrorsSummaryConsumer#stopProducing(): errorsSummary produced 0 samples
2024-05-17 20:52:16,668 INFO o.a.j.r.p.AbstractSampleConsumer: class org.apache.jmeter.report.processor.graph.impl.HitsPerSecondGraphConsumer#stopProducing(): hitsPerSecond produced 0 samples
2024-05-17 20:52:16,684 INFO o.a.j.r.p.AbstractSampleConsumer: class org.apache.jmeter.report.processor.graph.impl.LatencyVSRequestGraphConsumer#stopProducing(): latencyVsRequest produced 0 samples
2024-05-17 20:52:16,684 INFO o.a.j.r.p.AbstractSampleConsumer: class org.apache.jmeter.report.processor.graph.impl.SyntheticResponseTimeDistributionGraphConsumer#stopProducing(): syntheticResponseTimeDistribution produced 0 samples
2024-05-17 20:52:16,684 INFO o.a.j.r.p.AbstractSampleConsumer: class org.apache.jmeter.report.processor.graph.impl.BytesThroughputGraphConsumer#stopProducing(): bytesThroughputOverTime produced 0 samples
2024-05-17 20:52:16,684 INFO o.a.j.r.p.AbstractSampleConsumer: class org.apache.jmeter.report.processor.graph.impl.CodesPerSecondGraphConsumer#stopProducing(): codesPerSecond produced 0 samples
2024-05-17 20:52:16,684 INFO o.a.j.r.p.AbstractSampleConsumer: class org.apache.jmeter.report.processor.graph.impl.ResponseTimeVSRequestGraphConsumer#stopProducing(): responseTimeVsRequest produced 0 samples
2024-05-17 20:52:16,684 INFO o.a.j.r.p.AbstractSampleConsumer: class org.apache.jmeter.report.processor.FilterConsumer#stopProducing(): startIntervalControlerFilter produced 0 samples
2024-05-17 20:52:16,684 INFO o.a.j.r.p.AbstractSampleConsumer: class org.apache.jmeter.report.processor.graph.impl.TotalTPSGraphConsumer#stopProducing(): totalTPS produced 0 samples
2024-05-17 20:52:16,684 INFO o.a.j.r.p.AbstractSampleConsumer: class org.apache.jmeter.report.processor.graph.impl.ActiveThreadsGraphConsumer#stopProducing(): activeThreadsOverTime produced 0 samples
2024-05-17 20:52:16,684 INFO o.a.j.r.p.AbstractSampleConsumer: class org.apache.jmeter.report.processor.graph.impl.TimeVSThreadGraphConsumer#stopProducing(): timeVsThreads produced 0 samples
2024-05-17 20:52:16,684 INFO o.a.j.r.p.AbstractSampleConsumer: class org.apache.jmeter.report.processor.graph.impl.ResponseTimeDistributionGraphConsumer#stopProducing(): responseTimeDistribution produced 0 samples
2024-05-17 20:52:16,684 INFO o.a.j.r.p.AbstractSampleConsumer: class org.apache.jmeter.report.processor.graph.impl.TransactionsPerSecondGraphConsumer#stopProducing(): transactionsPerSecond produced 0 samples
2024-05-17 20:52:16,684 INFO o.a.j.r.p.AbstractSampleConsumer: class org.apache.jmeter.report.processor.graph.impl.ResponseTimePercentilesGraphConsumer#stopProducing(): responseTimePercentiles produced 0 samples
2024-05-17 20:52:16,684 INFO o.a.j.r.p.AbstractSampleConsumer: class org.apache.jmeter.report.processor.graph.impl.ResponseTimePercentilesOverTimeGraphConsumer#stopProducing(): responseTimePercentilesOverTime produced 0 samples
2024-05-17 20:52:16,684 INFO o.a.j.r.p.AbstractSampleConsumer: class org.apache.jmeter.report.processor.graph.impl.ResponseTimeOverTimeGraphConsumer#stopProducing(): responseTimesOverTime produced 0 samples
2024-05-17 20:52:16,684 INFO o.a.j.r.p.AbstractSampleConsumer: class org.apache.jmeter.report.processor.graph.impl.ConnectTimeOverTimeGraphConsumer#stopProducing(): connectTimeOverTime produced 0 samples
2024-05-17 20:52:16,684 INFO o.a.j.r.p.AbstractSampleConsumer: class org.apache.jmeter.report.processor.graph.impl.LatencyOverTimeGraphConsumer#stopProducing(): latenciesOverTime produced 0 samples
2024-05-17 20:52:16,684 INFO o.a.j.r.p.AbstractSampleConsumer: class org.apache.jmeter.report.processor.FilterConsumer#stopProducing(): nameFilter produced 0 samples
2024-05-17 20:52:16,700 INFO o.a.j.r.p.AbstractSampleConsumer: class org.apache.jmeter.report.processor.FilterConsumer#stopProducing(): dateRangeFilter produced 0 samples
2024-05-17 20:52:16,700 INFO o.a.j.r.p.AbstractSampleConsumer: class org.apache.jmeter.report.processor.NormalizerSampleConsumer#stopProducing(): normalizer produced 0 samples
2024-05-17 20:52:16,700 INFO o.a.j.r.p.CsvFileSampleSource: produce(): 0 samples produced in 125ms on channel 0
2024-05-17 20:52:16,700 INFO o.a.j.r.d.ReportGenerator: Exporting data using exporter:'json' of className:'org.apache.jmeter.report.dashboard.JsonExporter'
2024-05-17 20:52:16,872 INFO o.a.j.r.d.JsonExporter: Found data for consumer statisticsSummary in context
2024-05-17 20:52:16,872 INFO o.a.j.r.d.JsonExporter: Creating statistics for overall
2024-05-17 20:52:16,872 ERROR o.a.j.JMeter: Error generating the report: null
java.lang.NullPointerException: null
	at org.apache.jmeter.report.dashboard.JsonExporter.createStatistic(JsonExporter.java:121) ~[ApacheJMeter_core.jar:5.5]
	at org.apache.jmeter.report.dashboard.JsonExporter.export(JsonExporter.java:72) ~[ApacheJMeter_core.jar:5.5]
	at org.apache.jmeter.report.dashboard.ReportGenerator.exportData(ReportGenerator.java:382) ~[ApacheJMeter_core.jar:5.5]
	at org.apache.jmeter.report.dashboard.ReportGenerator.generate(ReportGenerator.java:260) ~[ApacheJMeter_core.jar:5.5]
	at org.apache.jmeter.JMeter$ListenToTest.endTest(JMeter.java:1264) ~[ApacheJMeter_core.jar:5.5]
	at org.apache.jmeter.JMeter$ListenToTest.testEnded(JMeter.java:1219) ~[ApacheJMeter_core.jar:5.5]
	at org.apache.jmeter.engine.StandardJMeterEngine.notifyTestListenersOfEnd(StandardJMeterEngine.java:230) ~[ApacheJMeter_core.jar:5.5]
	at org.apache.jmeter.engine.StandardJMeterEngine.run(StandardJMeterEngine.java:507) ~[ApacheJMeter_core.jar:5.5]
	at java.lang.Thread.run(Thread.java:750) ~[?:1.8.0_412]
